<?xml version="1.0" encoding="UTF-8"?>
<testsuite xmlns:xsi="http://www.w3.org/2001/XMLSchema-instance" xsi:noNamespaceSchemaLocation="https://maven.apache.org/surefire/maven-surefire-plugin/xsd/surefire-test-report-3.0.xsd" version="3.0" name="uk.gov.ons.ctp.integration.eqlaunch.crypto.JWSHelperTest" time="1.553" tests="5" errors="0" skipped="0" failures="0">
  <properties>
[...]
</properties>
  <testcase name="testDecodeBadKey" classname="uk.gov.ons.ctp.integration.eqlaunch.crypto.JWSHelperTest" time="0.86"/>
  <testcase name="testEncodeBadKey" classname="uk.gov.ons.ctp.integration.eqlaunch.crypto.JWSHelperTest" time="0.002"/>
  <testcase name="testGetKidNotInHeader" classname="uk.gov.ons.ctp.integration.eqlaunch.crypto.JWSHelperTest" time="0.002"/>
  <testcase name="testDecodeWrongKey" classname="uk.gov.ons.ctp.integration.eqlaunch.crypto.JWSHelperTest" time="0.688"/>
  <testcase name="testGetKidEmptyString" classname="uk.gov.ons.ctp.integration.eqlaunch.crypto.JWSHelperTest" time="0"/>
</testsuite>